<?xml version="1.0" encoding="UTF-8"?>
<TestRun id="3d3473a4-5ab0-4493-9ef5-44adbe8ef801" name="mcarreira@STFRBCC023077-L 2012-10-25 11:10:30" runUser="STEFANINI-DOM\mcarreira" xmlns="http://microsoft.com/schemas/VisualStudio/TeamTest/2010">
  <TestSettings name="Default Test Settings" id="3858cc00-33bb-4e3f-8674-7b5d8269a23f">
    <Deployment runDeploymentRoot="mcarreira_STFRBCC023077-L 2012-10-25 11_10_30">
      <DeploymentItem filename="C:\Projetos\Stefanini\Projetos\Fresenius\Exemplo\Fresenius.Exemplo\Fresenius.Exemplo.Dominio\bin\Debug\Fresenius.Exemplo.Dominio.dll" />
      <DeploymentItem filename="C:\Projetos\Stefanini\Projetos\Fresenius\Exemplo\Fresenius.Exemplo\Fresenius.Exemplo.Infraestrutura.Persistencia\bin\Debug\Fresenius.Exemplo.Infraestrutura.Persistencia.dll" />
      <DeploymentItem filename="C:\Projetos\Stefanini\Projetos\Fresenius\Exemplo\Fresenius.Exemplo\Fresenius.Exemplo.UI.Controllers\bin\Debug\Fresenius.Exemplo.UI.Web.Controllers.dll" />
      <DeploymentItem filename="C:\Projetos\Stefanini\Projetos\Fresenius\Exemplo\Fresenius.Exemplo\Fresenius.Exemplo.UI.Web\bin\Fresenius.Exemplo.UI.Web.dll" />
      <DeploymentItem filename="C:\Projetos\Stefanini\Projetos\Fresenius\Exemplo\Fresenius.Exemplo\packages\AutoMapper.2.2.0\lib\net40\AutoMapper.dll" />
    </Deployment>
    <Execution>
      <TestTypeSpecific />
      <AgentRule name="Execution Agents">
      </AgentRule>
    </Execution>
  </TestSettings>
  <Times creation="2012-10-25T11:10:30.6107627-02:00" queuing="2012-10-25T11:10:36.7572507-02:00" start="2012-10-25T11:10:37.1367627-02:00" finish="2012-10-25T11:10:38.2200787-02:00" />
  <ResultSummary outcome="Failed">
    <Counters total="1" executed="1" error="0" failed="1" timeout="0" aborted="0" inconclusive="0" passedButRunAborted="0" notRunnable="0" notExecuted="0" disconnected="0" warning="0" passed="0" completed="0" inProgress="0" pending="0" />
  </ResultSummary>
  <TestDefinitions>
    <UnitTest name="Teste1" storage="c:\projetos\stefanini\projetos\fresenius\exemplo\fresenius.exemplo\fresenius.exemplo.ui.web.tests\bin\debug\fresenius.exemplo.ui.web.tests.dll" id="23bfb78b-bdb8-37bb-3af7-4fa56198ba12">
      <Execution id="3ad820a3-b27f-4741-9a47-efc89919080d" />
      <TestMethod codeBase="C:/Projetos/Stefanini/Projetos/Fresenius/Exemplo/Fresenius.Exemplo/Fresenius.Exemplo.UI.Web.Tests/bin/Debug/Fresenius.Exemplo.UI.Web.Tests.DLL" adapterTypeName="Microsoft.VisualStudio.TestTools.TestTypes.Unit.UnitTestAdapter, Microsoft.VisualStudio.QualityTools.Tips.UnitTest.Adapter, Version=10.0.0.0, Culture=neutral, PublicKeyToken=b03f5f7f11d50a3a" className="Fresenius.Exemplo.UI.Web.Tests.AutomapperAdapter, Fresenius.Exemplo.UI.Web.Tests, Version=1.0.0.0, Culture=neutral, PublicKeyToken=null" name="Teste1" />
    </UnitTest>
  </TestDefinitions>
  <TestLists>
    <TestList name="Results Not in a List" id="8c84fa94-04c1-424b-9868-57a2d4851a1d" />
    <TestList name="All Loaded Results" id="19431567-8539-422a-85d7-44ee4e166bda" />
  </TestLists>
  <TestEntries>
    <TestEntry testId="23bfb78b-bdb8-37bb-3af7-4fa56198ba12" executionId="3ad820a3-b27f-4741-9a47-efc89919080d" testListId="8c84fa94-04c1-424b-9868-57a2d4851a1d" />
  </TestEntries>
  <Results>
    <UnitTestResult executionId="3ad820a3-b27f-4741-9a47-efc89919080d" testId="23bfb78b-bdb8-37bb-3af7-4fa56198ba12" testName="Teste1" computerName="STFRBCC023077-L" duration="00:00:00.2052062" startTime="2012-10-25T11:10:37.2502147-02:00" endTime="2012-10-25T11:10:38.0182747-02:00" testType="13cdc9d9-ddb5-4fa4-a97d-d965ccfc6d4b" outcome="Failed" testListId="8c84fa94-04c1-424b-9868-57a2d4851a1d" relativeResultsDirectory="3ad820a3-b27f-4741-9a47-efc89919080d">
      <Output>
        <ErrorInfo>
          <Message>Test method Fresenius.Exemplo.UI.Web.Tests.AutomapperAdapter.Teste1 threw exception: 
AutoMapper.AutoMapperMappingException: Missing type map configuration or unsupported mapping.

Mapping types:
StubCliente -&gt; StubClienteModel
Fresenius.Exemplo.UI.Web.Tests.Stub.StubCliente -&gt; Fresenius.Exemplo.UI.Web.Tests.Stub.StubClienteModel

Destination path:
StubClienteModel

Source value:
Fresenius.Exemplo.UI.Web.Tests.Stub.StubCliente</Message>
          <StackTrace>    at Fresenius.Exemplo.UI.Web.Tests.AutomapperAdapter.Teste1() in C:\Projetos\Stefanini\Projetos\Fresenius\Exemplo\Fresenius.Exemplo\Fresenius.Exemplo.UI.Web.Tests\AutomapperAdapter.cs:line 18
</StackTrace>
        </ErrorInfo>
      </Output>
    </UnitTestResult>
  </Results>
</TestRun>