<?xml version="1.0" encoding="UTF-8"?>
<TestRun id="41c55585-494c-4dde-8a1d-189f5eb6144f" name="mcarreira@STFRBCC023077-L 2012-10-22 16:39:29" runUser="STEFANINI-DOM\mcarreira" xmlns="http://microsoft.com/schemas/VisualStudio/TeamTest/2010">
  <TestSettings name="Default Test Settings" id="98f65181-ef38-4136-b8a3-0de7d4090894">
    <Deployment runDeploymentRoot="mcarreira_STFRBCC023077-L 2012-10-22 16_39_29">
      <DeploymentItem filename="C:\Projetos\Stefanini\Projetos\Fresenius\Exemplo\Fresenius.Exemplo\Fresenius.Exemplo.UI.Controllers\bin\Debug\Fresenius.Exemplo.UI.Web.Controllers.dll" />
      <DeploymentItem filename="C:\Projetos\Stefanini\Projetos\Fresenius\Exemplo\Fresenius.Exemplo\Fresenius.Exemplo.UI.Web\bin\Fresenius.Exemplo.UI.Web.dll" />
    </Deployment>
    <Execution>
      <TestTypeSpecific />
      <AgentRule name="Execution Agents">
      </AgentRule>
    </Execution>
  </TestSettings>
  <Times creation="2012-10-22T16:39:29.2442612-02:00" queuing="2012-10-22T16:39:35.4756177-02:00" start="2012-10-22T16:39:35.8826409-02:00" finish="2012-10-22T16:39:37.7567481-02:00" />
  <ResultSummary outcome="Completed">
    <Counters total="2" executed="2" passed="2" error="0" failed="0" timeout="0" aborted="0" inconclusive="0" passedButRunAborted="0" notRunnable="0" notExecuted="0" disconnected="0" warning="0" completed="0" inProgress="0" pending="0" />
  </ResultSummary>
  <TestDefinitions>
    <UnitTest name="About" storage="c:\projetos\stefanini\projetos\fresenius\exemplo\fresenius.exemplo\fresenius.exemplo.ui.web.tests\bin\debug\fresenius.exemplo.ui.web.tests.dll" id="c42c0fd7-1756-5b1f-ab70-50e048bee4b5">
      <Execution id="0bf386a0-c300-4e85-a56f-2708519ea18b" />
      <TestMethod codeBase="C:/Projetos/Stefanini/Projetos/Fresenius/Exemplo/Fresenius.Exemplo/Fresenius.Exemplo.UI.Web.Tests/bin/Debug/Fresenius.Exemplo.UI.Web.Tests.DLL" adapterTypeName="Microsoft.VisualStudio.TestTools.TestTypes.Unit.UnitTestAdapter, Microsoft.VisualStudio.QualityTools.Tips.UnitTest.Adapter, Version=10.0.0.0, Culture=neutral, PublicKeyToken=b03f5f7f11d50a3a" className="Fresenius.Exemplo.UI.Web.Tests.Controllers.HomeControllerTest, Fresenius.Exemplo.UI.Web.Tests, Version=1.0.0.0, Culture=neutral, PublicKeyToken=null" name="About" />
    </UnitTest>
    <UnitTest name="Index" storage="c:\projetos\stefanini\projetos\fresenius\exemplo\fresenius.exemplo\fresenius.exemplo.ui.web.tests\bin\debug\fresenius.exemplo.ui.web.tests.dll" id="fac94303-22db-1999-e509-1c773d291501">
      <Execution id="6df1534c-4852-492b-a134-baf7a2a27527" />
      <TestMethod codeBase="C:/Projetos/Stefanini/Projetos/Fresenius/Exemplo/Fresenius.Exemplo/Fresenius.Exemplo.UI.Web.Tests/bin/Debug/Fresenius.Exemplo.UI.Web.Tests.DLL" adapterTypeName="Microsoft.VisualStudio.TestTools.TestTypes.Unit.UnitTestAdapter, Microsoft.VisualStudio.QualityTools.Tips.UnitTest.Adapter, Version=10.0.0.0, Culture=neutral, PublicKeyToken=b03f5f7f11d50a3a" className="Fresenius.Exemplo.UI.Web.Tests.Controllers.HomeControllerTest, Fresenius.Exemplo.UI.Web.Tests, Version=1.0.0.0, Culture=neutral, PublicKeyToken=null" name="Index" />
    </UnitTest>
  </TestDefinitions>
  <TestLists>
    <TestList name="Results Not in a List" id="8c84fa94-04c1-424b-9868-57a2d4851a1d" />
    <TestList name="All Loaded Results" id="19431567-8539-422a-85d7-44ee4e166bda" />
  </TestLists>
  <TestEntries>
    <TestEntry testId="c42c0fd7-1756-5b1f-ab70-50e048bee4b5" executionId="0bf386a0-c300-4e85-a56f-2708519ea18b" testListId="8c84fa94-04c1-424b-9868-57a2d4851a1d" />
    <TestEntry testId="fac94303-22db-1999-e509-1c773d291501" executionId="6df1534c-4852-492b-a134-baf7a2a27527" testListId="8c84fa94-04c1-424b-9868-57a2d4851a1d" />
  </TestEntries>
  <Results>
    <UnitTestResult executionId="0bf386a0-c300-4e85-a56f-2708519ea18b" testId="c42c0fd7-1756-5b1f-ab70-50e048bee4b5" testName="About" computerName="STFRBCC023077-L" duration="00:00:00.0471886" startTime="2012-10-22T16:39:36.0076481-02:00" endTime="2012-10-22T16:39:37.4127284-02:00" testType="13cdc9d9-ddb5-4fa4-a97d-d965ccfc6d4b" outcome="Passed" testListId="8c84fa94-04c1-424b-9868-57a2d4851a1d" relativeResultsDirectory="0bf386a0-c300-4e85-a56f-2708519ea18b">
    </UnitTestResult>
    <UnitTestResult executionId="6df1534c-4852-492b-a134-baf7a2a27527" testId="fac94303-22db-1999-e509-1c773d291501" testName="Index" computerName="STFRBCC023077-L" duration="00:00:00.2445250" startTime="2012-10-22T16:39:37.4207289-02:00" endTime="2012-10-22T16:39:37.6707432-02:00" testType="13cdc9d9-ddb5-4fa4-a97d-d965ccfc6d4b" outcome="Passed" testListId="8c84fa94-04c1-424b-9868-57a2d4851a1d" relativeResultsDirectory="6df1534c-4852-492b-a134-baf7a2a27527">
    </UnitTestResult>
  </Results>
</TestRun>