<?xml version="1.0" encoding="UTF-8"?>
<TestRun id="fc6e2c00-b127-4f57-b452-6d9ea502dad6" name="mcarreira@STFRBCC023077-L 2012-10-25 11:13:09" runUser="STEFANINI-DOM\mcarreira" xmlns="http://microsoft.com/schemas/VisualStudio/TeamTest/2010">
  <TestSettings name="Default Test Settings" id="993085b6-19fe-4aa4-8b4f-0a5420838beb">
    <Deployment runDeploymentRoot="mcarreira_STFRBCC023077-L 2012-10-25 11_13_09">
      <DeploymentItem filename="C:\Projetos\Stefanini\Projetos\Fresenius\Exemplo\Fresenius.Exemplo\Fresenius.Exemplo.Dominio\bin\Debug\Fresenius.Exemplo.Dominio.dll" />
      <DeploymentItem filename="C:\Projetos\Stefanini\Projetos\Fresenius\Exemplo\Fresenius.Exemplo\Fresenius.Exemplo.Infraestrutura.Persistencia\bin\Debug\Fresenius.Exemplo.Infraestrutura.Persistencia.dll" />
      <DeploymentItem filename="C:\Projetos\Stefanini\Projetos\Fresenius\Exemplo\Fresenius.Exemplo\Fresenius.Exemplo.UI.Controllers\bin\Debug\Fresenius.Exemplo.UI.Web.Controllers.dll" />
      <DeploymentItem filename="C:\Projetos\Stefanini\Projetos\Fresenius\Exemplo\Fresenius.Exemplo\Fresenius.Exemplo.UI.Web\bin\Fresenius.Exemplo.UI.Web.dll" />
      <DeploymentItem filename="C:\Projetos\Stefanini\Projetos\Fresenius\Exemplo\Fresenius.Exemplo\packages\AutoMapper.2.2.0\lib\net40\AutoMapper.dll" />
    </Deployment>
    <Execution>
      <TestTypeSpecific />
      <AgentRule name="Execution Agents">
      </AgentRule>
    </Execution>
  </TestSettings>
  <Times creation="2012-10-25T11:13:09.2407547-02:00" queuing="2012-10-25T11:13:09.5901467-02:00" start="2012-10-25T11:13:09.6463707-02:00" finish="2012-10-25T11:13:10.4033867-02:00" />
  <ResultSummary outcome="Completed">
    <Counters total="1" executed="1" passed="1" error="0" failed="0" timeout="0" aborted="0" inconclusive="0" passedButRunAborted="0" notRunnable="0" notExecuted="0" disconnected="0" warning="0" completed="0" inProgress="0" pending="0" />
  </ResultSummary>
  <TestDefinitions>
    <UnitTest name="Teste1" storage="c:\projetos\stefanini\projetos\fresenius\exemplo\fresenius.exemplo\fresenius.exemplo.ui.web.tests\bin\debug\fresenius.exemplo.ui.web.tests.dll" id="23bfb78b-bdb8-37bb-3af7-4fa56198ba12">
      <Execution id="9f913ef1-3cae-4181-bc79-38f923e8bf95" />
      <TestMethod codeBase="C:/Projetos/Stefanini/Projetos/Fresenius/Exemplo/Fresenius.Exemplo/Fresenius.Exemplo.UI.Web.Tests/bin/Debug/Fresenius.Exemplo.UI.Web.Tests.DLL" adapterTypeName="Microsoft.VisualStudio.TestTools.TestTypes.Unit.UnitTestAdapter, Microsoft.VisualStudio.QualityTools.Tips.UnitTest.Adapter, Version=10.0.0.0, Culture=neutral, PublicKeyToken=b03f5f7f11d50a3a" className="Fresenius.Exemplo.UI.Web.Tests.AutomapperAdapter, Fresenius.Exemplo.UI.Web.Tests, Version=1.0.0.0, Culture=neutral, PublicKeyToken=null" name="Teste1" />
    </UnitTest>
  </TestDefinitions>
  <TestLists>
    <TestList name="Results Not in a List" id="8c84fa94-04c1-424b-9868-57a2d4851a1d" />
    <TestList name="All Loaded Results" id="19431567-8539-422a-85d7-44ee4e166bda" />
  </TestLists>
  <TestEntries>
    <TestEntry testId="23bfb78b-bdb8-37bb-3af7-4fa56198ba12" executionId="9f913ef1-3cae-4181-bc79-38f923e8bf95" testListId="8c84fa94-04c1-424b-9868-57a2d4851a1d" />
  </TestEntries>
  <Results>
    <UnitTestResult executionId="9f913ef1-3cae-4181-bc79-38f923e8bf95" testId="23bfb78b-bdb8-37bb-3af7-4fa56198ba12" testName="Teste1" computerName="STFRBCC023077-L" duration="00:00:00.1505827" startTime="2012-10-25T11:13:09.7307067-02:00" endTime="2012-10-25T11:13:10.3612187-02:00" testType="13cdc9d9-ddb5-4fa4-a97d-d965ccfc6d4b" outcome="Passed" testListId="8c84fa94-04c1-424b-9868-57a2d4851a1d" relativeResultsDirectory="9f913ef1-3cae-4181-bc79-38f923e8bf95">
    </UnitTestResult>
  </Results>
</TestRun>