<?xml version="1.0" encoding="UTF-8"?>
<TestRun id="94b6933d-977e-4750-8a17-cc90fa104cdb" name="mcarreira@STFRBCC023077-L 2012-10-25 11:11:02" runUser="STEFANINI-DOM\mcarreira" xmlns="http://microsoft.com/schemas/VisualStudio/TeamTest/2010">
  <TestSettings name="Default Test Settings" id="3858cc00-33bb-4e3f-8674-7b5d8269a23f">
    <Deployment userDeploymentRoot="C:\Projetos\Stefanini\Projetos\Fresenius\Exemplo\Fresenius.Exemplo\TestResults" useDefaultDeploymentRoot="false" runDeploymentRoot="mcarreira_STFRBCC023077-L 2012-10-25 11_11_02">
      <DeploymentItem filename="C:\Projetos\Stefanini\Projetos\Fresenius\Exemplo\Fresenius.Exemplo\Fresenius.Exemplo.Dominio\bin\Debug\Fresenius.Exemplo.Dominio.dll" />
      <DeploymentItem filename="C:\Projetos\Stefanini\Projetos\Fresenius\Exemplo\Fresenius.Exemplo\Fresenius.Exemplo.Infraestrutura.Persistencia\bin\Debug\Fresenius.Exemplo.Infraestrutura.Persistencia.dll" />
      <DeploymentItem filename="C:\Projetos\Stefanini\Projetos\Fresenius\Exemplo\Fresenius.Exemplo\Fresenius.Exemplo.UI.Controllers\bin\Debug\Fresenius.Exemplo.UI.Web.Controllers.dll" />
      <DeploymentItem filename="C:\Projetos\Stefanini\Projetos\Fresenius\Exemplo\Fresenius.Exemplo\Fresenius.Exemplo.UI.Web\bin\Fresenius.Exemplo.UI.Web.dll" />
      <DeploymentItem filename="C:\Projetos\Stefanini\Projetos\Fresenius\Exemplo\Fresenius.Exemplo\packages\AutoMapper.2.2.0\lib\net40\AutoMapper.dll" />
    </Deployment>
    <Execution>
      <TestTypeSpecific />
      <AgentRule name="Execution Agents">
      </AgentRule>
    </Execution>
  </TestSettings>
  <Times creation="2012-10-25T11:11:02.3853547-02:00" queuing="2012-10-25T11:11:09.8942707-02:00" start="2012-10-25T11:11:10.2356307-02:00" finish="2012-10-25T11:11:35.2241867-02:00" />
  <ResultSummary outcome="Error">
    <Counters total="1" executed="1" error="0" failed="0" timeout="0" aborted="1" inconclusive="0" passedButRunAborted="0" notRunnable="0" notExecuted="0" disconnected="0" warning="0" passed="0" completed="0" inProgress="0" pending="0" />
    <RunInfos>
      <RunInfo computerName="STFRBCC023077-L" outcome="Error" timestamp="2012-10-25T11:11:35.2111347-02:00">
        <Text>Test host process exited unexpectedly.</Text>
      </RunInfo>
    </RunInfos>
  </ResultSummary>
  <TestDefinitions>
    <UnitTest name="Teste1" storage="c:\projetos\stefanini\projetos\fresenius\exemplo\fresenius.exemplo\fresenius.exemplo.ui.web.tests\bin\debug\fresenius.exemplo.ui.web.tests.dll" id="23bfb78b-bdb8-37bb-3af7-4fa56198ba12">
      <Execution id="d72e5f9d-50f0-4af4-a29e-073784b44189" />
      <TestMethod codeBase="C:/Projetos/Stefanini/Projetos/Fresenius/Exemplo/Fresenius.Exemplo/Fresenius.Exemplo.UI.Web.Tests/bin/Debug/Fresenius.Exemplo.UI.Web.Tests.DLL" adapterTypeName="Microsoft.VisualStudio.TestTools.TestTypes.Unit.UnitTestAdapter, Microsoft.VisualStudio.QualityTools.Tips.UnitTest.Adapter, Version=10.0.0.0, Culture=neutral, PublicKeyToken=b03f5f7f11d50a3a" className="Fresenius.Exemplo.UI.Web.Tests.AutomapperAdapter, Fresenius.Exemplo.UI.Web.Tests, Version=1.0.0.0, Culture=neutral, PublicKeyToken=null" name="Teste1" />
    </UnitTest>
  </TestDefinitions>
  <TestLists>
    <TestList name="Results Not in a List" id="8c84fa94-04c1-424b-9868-57a2d4851a1d" />
    <TestList name="All Loaded Results" id="19431567-8539-422a-85d7-44ee4e166bda" />
  </TestLists>
  <TestEntries>
    <TestEntry testId="23bfb78b-bdb8-37bb-3af7-4fa56198ba12" executionId="d72e5f9d-50f0-4af4-a29e-073784b44189" testListId="8c84fa94-04c1-424b-9868-57a2d4851a1d" />
  </TestEntries>
  <Results>
    <UnitTestResult executionId="d72e5f9d-50f0-4af4-a29e-073784b44189" testId="23bfb78b-bdb8-37bb-3af7-4fa56198ba12" testName="Teste1" computerName="STFRBCC023077-L" duration="00:00:24.8138600" startTime="2012-10-25T11:11:10.4093227-02:00" endTime="2012-10-25T11:11:35.2231827-02:00" testType="13cdc9d9-ddb5-4fa4-a97d-d965ccfc6d4b" outcome="Aborted" testListId="8c84fa94-04c1-424b-9868-57a2d4851a1d" relativeResultsDirectory="d72e5f9d-50f0-4af4-a29e-073784b44189">
    </UnitTestResult>
  </Results>
</TestRun>