<?xml version="1.0" encoding="UTF-8"?>
<TestRun id="1209657a-e0e2-4073-adb3-9064e6960839" name="mcarreira@STFRBCC023077-L 2012-10-22 16:20:47" runUser="STEFANINI-DOM\mcarreira" xmlns="http://microsoft.com/schemas/VisualStudio/TeamTest/2010">
  <TestSettings name="Default Test Settings" id="88b5d934-8891-4cf2-b6c4-f01aa6de0340">
    <Deployment runDeploymentRoot="mcarreira_STFRBCC023077-L 2012-10-22 16_20_47">
      <DeploymentItem filename="C:\Projetos\Stefanini\Projetos\Fresenius\Exemplo\Fresenius.Exemplo\Fresenius.Exemplo.UI.Controllers\bin\Debug\Fresenius.Exemplo.UI.Web.Controllers.dll" />
      <DeploymentItem filename="C:\Projetos\Stefanini\Projetos\Fresenius\Exemplo\Fresenius.Exemplo\Fresenius.Exemplo.UI.Web\bin\Fresenius.Exemplo.UI.Web.dll" />
    </Deployment>
    <Execution>
      <TestTypeSpecific />
      <AgentRule name="Execution Agents">
      </AgentRule>
    </Execution>
  </TestSettings>
  <Times creation="2012-10-22T16:20:47.7541157-02:00" queuing="2012-10-22T16:20:48.1561387-02:00" start="2012-10-22T16:20:48.2161421-02:00" finish="2012-10-22T16:20:49.0071873-02:00" />
  <ResultSummary outcome="Completed">
    <Counters total="2" executed="2" passed="2" error="0" failed="0" timeout="0" aborted="0" inconclusive="0" passedButRunAborted="0" notRunnable="0" notExecuted="0" disconnected="0" warning="0" completed="0" inProgress="0" pending="0" />
  </ResultSummary>
  <TestDefinitions>
    <UnitTest name="About" storage="c:\projetos\stefanini\projetos\fresenius\exemplo\fresenius.exemplo\fresenius.exemplo.ui.web.tests\bin\debug\fresenius.exemplo.ui.web.tests.dll" id="c42c0fd7-1756-5b1f-ab70-50e048bee4b5">
      <Execution id="b817f3e4-a237-4a8d-a380-4e9f32a9288e" />
      <TestMethod codeBase="C:/Projetos/Stefanini/Projetos/Fresenius/Exemplo/Fresenius.Exemplo/Fresenius.Exemplo.UI.Web.Tests/bin/Debug/Fresenius.Exemplo.UI.Web.Tests.DLL" adapterTypeName="Microsoft.VisualStudio.TestTools.TestTypes.Unit.UnitTestAdapter, Microsoft.VisualStudio.QualityTools.Tips.UnitTest.Adapter, Version=10.0.0.0, Culture=neutral, PublicKeyToken=b03f5f7f11d50a3a" className="Fresenius.Exemplo.UI.Web.Tests.Controllers.HomeControllerTest, Fresenius.Exemplo.UI.Web.Tests, Version=1.0.0.0, Culture=neutral, PublicKeyToken=null" name="About" />
    </UnitTest>
    <UnitTest name="Index" storage="c:\projetos\stefanini\projetos\fresenius\exemplo\fresenius.exemplo\fresenius.exemplo.ui.web.tests\bin\debug\fresenius.exemplo.ui.web.tests.dll" id="fac94303-22db-1999-e509-1c773d291501">
      <Execution id="a29ee06a-a630-467b-ab49-6bbe965efab2" />
      <TestMethod codeBase="C:/Projetos/Stefanini/Projetos/Fresenius/Exemplo/Fresenius.Exemplo/Fresenius.Exemplo.UI.Web.Tests/bin/Debug/Fresenius.Exemplo.UI.Web.Tests.DLL" adapterTypeName="Microsoft.VisualStudio.TestTools.TestTypes.Unit.UnitTestAdapter, Microsoft.VisualStudio.QualityTools.Tips.UnitTest.Adapter, Version=10.0.0.0, Culture=neutral, PublicKeyToken=b03f5f7f11d50a3a" className="Fresenius.Exemplo.UI.Web.Tests.Controllers.HomeControllerTest, Fresenius.Exemplo.UI.Web.Tests, Version=1.0.0.0, Culture=neutral, PublicKeyToken=null" name="Index" />
    </UnitTest>
  </TestDefinitions>
  <TestLists>
    <TestList name="Results Not in a List" id="8c84fa94-04c1-424b-9868-57a2d4851a1d" />
    <TestList name="All Loaded Results" id="19431567-8539-422a-85d7-44ee4e166bda" />
  </TestLists>
  <TestEntries>
    <TestEntry testId="c42c0fd7-1756-5b1f-ab70-50e048bee4b5" executionId="b817f3e4-a237-4a8d-a380-4e9f32a9288e" testListId="8c84fa94-04c1-424b-9868-57a2d4851a1d" />
    <TestEntry testId="fac94303-22db-1999-e509-1c773d291501" executionId="a29ee06a-a630-467b-ab49-6bbe965efab2" testListId="8c84fa94-04c1-424b-9868-57a2d4851a1d" />
  </TestEntries>
  <Results>
    <UnitTestResult executionId="b817f3e4-a237-4a8d-a380-4e9f32a9288e" testId="c42c0fd7-1756-5b1f-ab70-50e048bee4b5" testName="About" computerName="STFRBCC023077-L" duration="00:00:00.0309221" startTime="2012-10-22T16:20:48.3481496-02:00" endTime="2012-10-22T16:20:48.8451781-02:00" testType="13cdc9d9-ddb5-4fa4-a97d-d965ccfc6d4b" outcome="Passed" testListId="8c84fa94-04c1-424b-9868-57a2d4851a1d" relativeResultsDirectory="b817f3e4-a237-4a8d-a380-4e9f32a9288e">
    </UnitTestResult>
    <UnitTestResult executionId="a29ee06a-a630-467b-ab49-6bbe965efab2" testId="fac94303-22db-1999-e509-1c773d291501" testName="Index" computerName="STFRBCC023077-L" duration="00:00:00.0499151" startTime="2012-10-22T16:20:48.8721796-02:00" endTime="2012-10-22T16:20:48.9291829-02:00" testType="13cdc9d9-ddb5-4fa4-a97d-d965ccfc6d4b" outcome="Passed" testListId="8c84fa94-04c1-424b-9868-57a2d4851a1d" relativeResultsDirectory="a29ee06a-a630-467b-ab49-6bbe965efab2">
    </UnitTestResult>
  </Results>
</TestRun>